<?xml version="1.0" encoding="UTF-8"?>
<!-- Generated by org.testng.reporters.JUnitXMLReporter -->
<testsuite ignored="0" hostname="DESKTOP-MRJRJ8P" failures="0" tests="4" name="GRP-user-registration" time="0.071" errors="0" timestamp="2022-08-30T18:21:23 IST">
  <testcase classname="First_UI.Third_Group_Test_Cases" name="A_Test_1" time="0.007"/>
  <testcase classname="First_UI.Third_Group_Test_Cases" name="C_Test_3" time="0.001"/>
  <testcase classname="First_UI.Third_Group_Test_Cases" name="D_Test_4" time="0.002"/>
  <testcase classname="First_UI.Third_Group_Test_Cases" name="B_Test_2" time="0.001"/>
</testsuite> <!-- GRP-user-registration -->
