<?xml version="1.0" encoding="UTF-8"?>
<!-- Generated by org.testng.reporters.JUnitXMLReporter -->
<testsuite ignored="2" hostname="DESKTOP-MRJRJ8P" failures="0" tests="2" name="GRP-bvt" time="0.068" errors="0" timestamp="2022-08-30T18:10:06 IST">
  <testcase classname="First_UI.Third_Group_Test_Cases" name="C_Test_3" time="0.01"/>
  <testcase classname="First_UI.Third_Group_Test_Cases" name="D_Test_4" time="0.005"/>
  <testcase classname="First_UI.Third_Group_Test_Cases" name="A_Test_1" time="0.0">
    <ignored/>
  </testcase> <!-- A_Test_1 -->
  <testcase classname="First_UI.Third_Group_Test_Cases" name="B_Test_2" time="0.0">
    <ignored/>
  </testcase> <!-- B_Test_2 -->
</testsuite> <!-- GRP-bvt -->
