<?xml version="1.0" encoding="UTF-8"?>
<!-- Generated by org.testng.reporters.JUnitXMLReporter -->
<testsuite ignored="1" hostname="DESKTOP-MRJRJ8P" failures="0" tests="3" name="GRP-regression" time="0.056" errors="0" timestamp="2022-09-02T11:59:38 IST">
  <testcase classname="First_UI.Third_Group_Test_Cases" name="A_Test_1" time="0.008"/>
  <testcase classname="First_UI.Third_Group_Test_Cases" name="C_Test_3" time="0.001"/>
  <testcase classname="First_UI.Third_Group_Test_Cases" name="B_Test_2" time="0.001"/>
  <testcase classname="First_UI.Third_Group_Test_Cases" name="D_Test_4" time="0.0">
    <ignored/>
  </testcase> <!-- D_Test_4 -->
</testsuite> <!-- GRP-regression -->
