<?xml version="1.0" encoding="UTF-8"?>
<!-- Generated by org.testng.reporters.JUnitXMLReporter -->
<testsuite ignored="0" hostname="DESKTOP-MRJRJ8P" failures="0" tests="2" name="Default test" time="0.055" errors="0" timestamp="2022-09-06T18:51:54 IST">
  <testcase classname="TestNG_Annotations.BeforeMethod_Test_AfterMethod" name="UserLogin" time="0.005"/>
  <testcase classname="TestNG_Annotations.BeforeMethod_Test_AfterMethod" name="Usermonycontroll" time="0.002"/>
</testsuite> <!-- Default test -->
