<?xml version="1.0" encoding="UTF-8"?>
<!-- Generated by org.testng.reporters.JUnitXMLReporter -->
<testsuite ignored="0" hostname="DESKTOP-MRJRJ8P" failures="0" tests="11" name="Test" time="7.359" errors="0" timestamp="2022-08-30T18:38:33 IST">
  <testcase classname="First_UI.First_Login_Test" name="BlogOutTest" time="0.013"/>
  <testcase classname="First_UI.First_Login_Test" name="ALoginTest" time="0.002"/>
  <testcase classname="First_UI.Second_Verify_Title_Test_With_SoftAssert" name="titletest" time="7.15"/>
  <testcase classname="First_UI.TestNG_Annotations" name="test1" time="0.002"/>
  <testcase classname="First_UI.TestNG_Annotations" name="test2" time="0.003"/>
  <testcase classname="First_UI.Third_Group_Test_Cases" name="A_Test_1" time="0.003"/>
  <testcase classname="First_UI.Third_Group_Test_Cases" name="C_Test_3" time="0.001"/>
  <testcase classname="First_UI.Third_Group_Test_Cases" name="D_Test_4" time="0.001"/>
  <testcase classname="First_UI.Third_Group_Test_Cases" name="B_Test_2" time="0.002"/>
  <testcase classname="First_UI.Priorty_Test" name="priority1" time="0.003"/>
  <testcase classname="First_UI.Priorty_Test" name="priority_2" time="0.002"/>
</testsuite> <!-- Test -->
