<?xml version="1.0" encoding="UTF-8"?>
<testng-results ignored="0" total="2" passed="2" failed="0" skipped="0">
  <reporter-output>
  </reporter-output>
  <suite started-at="2022-09-06T18:51:54 IST" name="Default suite" finished-at="2022-09-06T18:51:54 IST" duration-ms="55">
    <groups>
    </groups>
    <test started-at="2022-09-06T18:51:54 IST" name="Default test" finished-at="2022-09-06T18:51:54 IST" duration-ms="55">
      <class name="TestNG_Annotations.BeforeMethod_Test_AfterMethod">
        <test-method is-config="true" signature="UserRegistration()[pri:0, instance:TestNG_Annotations.BeforeMethod_Test_AfterMethod@2c35e847]" started-at="2022-09-06T18:51:54 IST" name="UserRegistration" finished-at="2022-09-06T18:51:54 IST" duration-ms="4" status="PASS">
          <reporter-output>
          </reporter-output>
        </test-method> <!-- UserRegistration -->
        <test-method signature="UserLogin()[pri:0, instance:TestNG_Annotations.BeforeMethod_Test_AfterMethod@2c35e847]" started-at="2022-09-06T18:51:54 IST" name="UserLogin" finished-at="2022-09-06T18:51:54 IST" duration-ms="5" status="PASS">
          <reporter-output>
          </reporter-output>
        </test-method> <!-- UserLogin -->
        <test-method is-config="true" signature="UserLogout()[pri:0, instance:TestNG_Annotations.BeforeMethod_Test_AfterMethod@2c35e847]" started-at="2022-09-06T18:51:54 IST" name="UserLogout" finished-at="2022-09-06T18:51:54 IST" duration-ms="1" status="PASS">
          <reporter-output>
          </reporter-output>
        </test-method> <!-- UserLogout -->
        <test-method is-config="true" signature="UserRegistration()[pri:0, instance:TestNG_Annotations.BeforeMethod_Test_AfterMethod@2c35e847]" started-at="2022-09-06T18:51:54 IST" name="UserRegistration" finished-at="2022-09-06T18:51:54 IST" duration-ms="0" status="PASS">
          <reporter-output>
          </reporter-output>
        </test-method> <!-- UserRegistration -->
        <test-method signature="Usermonycontroll()[pri:0, instance:TestNG_Annotations.BeforeMethod_Test_AfterMethod@2c35e847]" started-at="2022-09-06T18:51:54 IST" name="Usermonycontroll" finished-at="2022-09-06T18:51:54 IST" duration-ms="2" status="PASS">
          <reporter-output>
          </reporter-output>
        </test-method> <!-- Usermonycontroll -->
        <test-method is-config="true" signature="UserLogout()[pri:0, instance:TestNG_Annotations.BeforeMethod_Test_AfterMethod@2c35e847]" started-at="2022-09-06T18:51:54 IST" name="UserLogout" finished-at="2022-09-06T18:51:54 IST" duration-ms="1" status="PASS">
          <reporter-output>
          </reporter-output>
        </test-method> <!-- UserLogout -->
      </class> <!-- TestNG_Annotations.BeforeMethod_Test_AfterMethod -->
    </test> <!-- Default test -->
  </suite> <!-- Default suite -->
</testng-results>
